
      /\
     (  )
     (  )
     (  )
    /|/\|\
   /_||||_\ - SaturnV
     /__\
    (*#*)
     (*#)
      (#*)
      (*)

[*] Recovering the function ...

    1: 1: 0x140001000: sub rsp, 0x10
    1: 2: 0x140001004: mov dword ptr [rsp + 8], ecx
    1: 3: 0x140001008: mov dword ptr [rsp + 4], 5
    1: 4: 0x140001010: mov ecx, dword ptr [rsp + 8]
    1: 5: 0x140001014: and ecx, 1
    1: 6: 0x140001017: add ecx, 1
    1: 7: 0x14000101a: cmp ecx, 0
    1: 8: 0x14000101d: je 0x14000102b

[*] Tried to recover Opaque Predicate/Edges in 0.0280s
[*] Edges: 1
(0x140001023) 

    2: 9: 0x140001023: mov dword ptr [rsp + 4], 1
    2: 10: 0x14000102b: cmp dword ptr [rsp + 4], 1
    2: 11: 0x140001030: jne 0x140001043

[*] Tried to recover Opaque Predicate/Edges in 0.0260s
[*] Edges: 1
(0x140001036) 

    3: 12: 0x140001036: mov dword ptr [rsp + 0xc], 0x17
    3: 13: 0x14000103e: jmp 0x14000104b

    4: 14: 0x14000104b: mov eax, dword ptr [rsp + 0xc]
    4: 15: 0x14000104f: add rsp, 0x10
    4: 16: 0x140001053: ret 

[*] Tried to recover Opaque Predicate/Edges in 0.0280s
[*] Edges: 0


[*] Tried to recover Opaque Predicate/Edges in 0.0290s
[*] Edges: 0

[*] Building the control flow graph ...
[*] Time taken to recover the function : 0.1290s
[*] Applying post translation optimization ...
[*] Stack Size 5000
[*] 5 Stack Slots found
-5000  1 uses - Size: 4988 Aligned: 1 Overlapping: 0  AlignedStart: -5000  AlignedEnd: -8  AlignedSize: 4992  AlignedOverlapping: 1  AlignedOverlappingSize: 4992 
-12  1 uses - Size: 4 Aligned: 0 Overlapping: 0  AlignedStart: -16  AlignedEnd: -8  AlignedSize: 8  AlignedOverlapping: 1  AlignedOverlappingSize: 4992 
-8  1 uses - Size: 4 Aligned: 1 Overlapping: 0  AlignedStart: -8  AlignedEnd: 0  AlignedSize: 8  AlignedOverlapping: 1  AlignedOverlappingSize: 8 
-4  1 uses - Size: 4 Aligned: 0 Overlapping: 0  AlignedStart: -8  AlignedEnd: 0  AlignedSize: 8  AlignedOverlapping: 1  AlignedOverlappingSize: 8 
0  1 uses - Size: 8 Aligned: 1 Overlapping: 0  AlignedStart: 0  AlignedEnd: 8  AlignedSize: 8  AlignedOverlapping: 0  AlignedOverlappingSize: 0 
[*] Time taken to optimize the function: 0.2330s
[*] Applying custom post translation optimization ...
[*] Detected Argument Count: 1
[!] Done!
[*] Creating Gadgets ...
[*] Writing patched binary to test_.exe
[!] Done!
[*] Writing LLVM IR to lifted.ll ... Done!
[*] Recovered Basic Blocks : 4
[*] Recovered Opaque Predicates : 2
