
      /\
     (  )
     (  )
     (  )
    /|/\|\
   /_||||_\ - SaturnV
     /__\
    (*#*)
     (*#)
      (#*)
      (*)

[*] Recovering the function ...

    1: 1: 0x140001000: sub rsp, 0x10
    1: 2: 0x140001004: mov dword ptr [rsp + 0xc], ecx
    1: 3: 0x140001008: mov ecx, dword ptr [rsp + 0xc]
    1: 4: 0x14000100c: mov dword ptr [rsp + 8], ecx
    1: 5: 0x140001010: mov dword ptr [rsp + 4], 0
    1: 6: 0x140001018: cmp dword ptr [rsp + 4], 0xa
    1: 7: 0x14000101d: jge 0x14000103e

[*] Tried to recover Opaque Predicate/Edges in 0.0270s
[*] Edges: 1
(0x140001023) 

    2: 8: 0x140001023: mov eax, dword ptr [rsp + 8]
    2: 9: 0x140001027: add eax, 1
    2: 10: 0x14000102a: mov dword ptr [rsp + 8], eax
    2: 11: 0x14000102e: mov eax, dword ptr [rsp + 4]
    2: 12: 0x140001032: add eax, 1
    2: 13: 0x140001035: mov dword ptr [rsp + 4], eax
    2: 14: 0x140001039: jmp 0x140001018

[!] Splitting the basic block 0x140001000 at 0x140001018

    2: 15: 0x140001000: sub rsp, 0x10
    2: 16: 0x140001004: mov dword ptr [rsp + 0xc], ecx
    2: 17: 0x140001008: mov ecx, dword ptr [rsp + 0xc]
    2: 18: 0x14000100c: mov dword ptr [rsp + 8], ecx
    2: 19: 0x140001010: mov dword ptr [rsp + 4], 0

    3: 20: 0x140001018: cmp dword ptr [rsp + 4], 0xa
    3: 21: 0x14000101d: jge 0x14000103e
[*] Predecessors: 2
0x140001018: (0x140001000 =>  1 ) (0x140001023 =>  ? ) 

[*] Tried to recover Opaque Predicate/Edges in 0.0560s
[*] Edges: 2
(0x14000103e) (0x140001023) 
[*] Opaquenes of 0x140001018 has changed to Non Opaque!
[*] Predecessors: 2
0x140001018: (0x140001000 =>  1 ) (0x140001023 =>  0 ) 
[*] All edges are resolved nothing to do here!
[*] Predecessors: 2
0x140001018: (0x140001000 =>  1 ) (0x140001023 =>  0 ) 
[*] All edges are resolved nothing to do here!
[!] We got 2 edges ... verify if this is ok! ( 1 - 0 )

    4: 22: 0x14000103e: mov eax, dword ptr [rsp + 8]
    4: 23: 0x140001042: add rsp, 0x10
    4: 24: 0x140001046: ret 

[*] Tried to recover Opaque Predicate/Edges in 0.0240s
[*] Edges: 0


[*] Tried to recover Opaque Predicate/Edges in 0.0240s
[*] Edges: 0


[!] Loop detected to the beginning of basic block 0x140001023
[*] Building the control flow graph ...
[*] Time taken to recover the function : 0.1520s
[*] Applying post translation optimization ...
[*] Stack Size 5000
[*] 5 Stack Slots found
-5000  1 uses - Size: 4988 Aligned: 1 Overlapping: 0  AlignedStart: -5000  AlignedEnd: -8  AlignedSize: 4992  AlignedOverlapping: 1  AlignedOverlappingSize: 4992 
-12  1 uses - Size: 4 Aligned: 0 Overlapping: 0  AlignedStart: -16  AlignedEnd: -8  AlignedSize: 8  AlignedOverlapping: 1  AlignedOverlappingSize: 4992 
-8  1 uses - Size: 4 Aligned: 1 Overlapping: 0  AlignedStart: -8  AlignedEnd: 0  AlignedSize: 8  AlignedOverlapping: 1  AlignedOverlappingSize: 8 
-4  1 uses - Size: 4 Aligned: 0 Overlapping: 0  AlignedStart: -8  AlignedEnd: 0  AlignedSize: 8  AlignedOverlapping: 1  AlignedOverlappingSize: 8 
0  1 uses - Size: 8 Aligned: 1 Overlapping: 0  AlignedStart: 0  AlignedEnd: 8  AlignedSize: 8  AlignedOverlapping: 0  AlignedOverlappingSize: 0 
[*] Time taken to optimize the function: 0.2470s
[*] Applying custom post translation optimization ...
[*] Detected Argument Count: 1
[!] Done!
[*] Creating Gadgets ...
[*] Writing patched binary to test_.exe
[!] Done!
[*] Writing LLVM IR to lifted.ll ... Done!
[*] Recovered Basic Blocks : 4
[*] Recovered Opaque Predicates : 0
