
      /\
     (  )
     (  )
     (  )
    /|/\|\
   /_||||_\ - SaturnV
     /__\
    (*#*)
     (*#)
      (#*)
      (*)

[*] Recovering the function ...

    1: 1: 0x140001000: sub rsp, 0x10
    1: 2: 0x140001004: mov dword ptr [rsp + 8], edx
    1: 3: 0x140001008: mov dword ptr [rsp + 4], ecx
    1: 4: 0x14000100c: mov ecx, dword ptr [rsp + 4]
    1: 5: 0x140001010: add ecx, dword ptr [rsp + 8]
    1: 6: 0x140001014: mov edx, dword ptr [rsp + 4]
    1: 7: 0x140001018: xor edx, dword ptr [rsp + 8]
    1: 8: 0x14000101c: mov eax, dword ptr [rsp + 4]
    1: 9: 0x140001020: and eax, dword ptr [rsp + 8]
    1: 10: 0x140001024: shl eax, 1
    1: 11: 0x140001027: add edx, eax
    1: 12: 0x140001029: cmp ecx, edx
    1: 13: 0x14000102b: jne 0x14000104f
[*] Running Souper Optimizer on optimized BB ...
[*] Time taken to souper optimize the basic block: 0.0060s

[*] Tried to recover Opaque Predicate/Edges in 0.0500s
[*] Edges: 1
(0x140001031) 

    2: 14: 0x140001031: mov eax, dword ptr [rsp + 4]
    2: 15: 0x140001035: xor eax, dword ptr [rsp + 8]
    2: 16: 0x140001039: mov ecx, dword ptr [rsp + 4]
    2: 17: 0x14000103d: and ecx, dword ptr [rsp + 8]
    2: 18: 0x140001041: shl ecx, 1
    2: 19: 0x140001044: add eax, ecx
    2: 20: 0x140001046: mov dword ptr [rsp + 0xc], eax
    2: 21: 0x14000104a: jmp 0x14000106b
[*] Running Souper Optimizer on optimized BB ...
[*] Time taken to souper optimize the basic block: 0.0050s

    3: 22: 0x14000106b: mov eax, dword ptr [rsp + 0xc]
    3: 23: 0x14000106f: add rsp, 0x10
    3: 24: 0x140001073: ret 
[*] Running Souper Optimizer on optimized BB ...
[*] Time taken to souper optimize the basic block: 0.0040s

[*] Tried to recover Opaque Predicate/Edges in 0.0430s
[*] Edges: 0


[*] Tried to recover Opaque Predicate/Edges in 0.0430s
[*] Edges: 0

[*] Building the control flow graph ...
[*] Time taken to recover the function : 0.1880s
[*] Applying post translation optimization ...
[*] Stack Size 5000
[*] 5 Stack Slots found
-5000  1 uses - Size: 4988 Aligned: 1 Overlapping: 0  AlignedStart: -5000  AlignedEnd: -8  AlignedSize: 4992  AlignedOverlapping: 1  AlignedOverlappingSize: 4992 
-12  1 uses - Size: 4 Aligned: 0 Overlapping: 0  AlignedStart: -16  AlignedEnd: -8  AlignedSize: 8  AlignedOverlapping: 1  AlignedOverlappingSize: 4992 
-8  1 uses - Size: 4 Aligned: 1 Overlapping: 0  AlignedStart: -8  AlignedEnd: 0  AlignedSize: 8  AlignedOverlapping: 1  AlignedOverlappingSize: 8 
-4  1 uses - Size: 4 Aligned: 0 Overlapping: 0  AlignedStart: -8  AlignedEnd: 0  AlignedSize: 8  AlignedOverlapping: 1  AlignedOverlappingSize: 8 
0  1 uses - Size: 8 Aligned: 1 Overlapping: 0  AlignedStart: 0  AlignedEnd: 8  AlignedSize: 8  AlignedOverlapping: 0  AlignedOverlappingSize: 0 
[*] Time taken to optimize the function: 0.2440s
[*] Applying custom post translation optimization ...
[*] Running Souper Optimizer ...
[*] Time taken to souper optimize the function: 0.0010s
[*] Detected Argument Count: 2
[!] Done!
[*] Creating Gadgets ...
[*] Writing patched binary to op1_.exe
[!] Done!
[*] Writing LLVM IR to lifted.ll ... Done!
[*] Recovered Basic Blocks : 3
[*] Recovered Opaque Predicates : 1
