
      /\
     (  )
     (  )
     (  )
    /|/\|\
   /_||||_\ - SaturnV
     /__\
    (*#*)
     (*#)
      (#*)
      (*)

[*] Recovering the function ...

    1: 1: 0x140001000: sub rsp, 0x10
    1: 2: 0x140001004: mov byte ptr [rsp + 0xf], r8b
    1: 3: 0x140001009: mov byte ptr [rsp + 0xe], dl
    1: 4: 0x14000100d: mov byte ptr [rsp + 0xd], cl
    1: 5: 0x140001011: mov byte ptr [rsp + 0xc], 0
    1: 6: 0x140001016: mov byte ptr [rsp + 0xb], 0
    1: 7: 0x14000101b: mov dword ptr [rsp + 4], 0
    1: 8: 0x140001023: mov eax, dword ptr [rsp + 4]
    1: 9: 0x140001027: movsx ecx, byte ptr [rsp + 0xd]
    1: 10: 0x14000102c: cmp eax, ecx
    1: 11: 0x14000102e: jge 0x14000104e
[*] Running Souper Optimizer on optimized BB ...
[*] Time taken to souper optimize the basic block: 0.0050s

[*] Tried to recover Opaque Predicate/Edges in 0.0760s
[*] Edges: 2
(0x14000104e) (0x140001034) 

[*] Tried to recover Opaque Predicate/Edges in 0.0800s
[*] Edges: 2
(0x14000104e) (0x140001034) 

[*] Tried to recover Opaque Predicate/Edges in 0.0790s
[*] Edges: 2
(0x14000104e) (0x140001034) 
[!] We got 2 edges ... verify if this is ok! ( 1 - 0 )

    2: 12: 0x14000104e: movsx eax, byte ptr [rsp + 0xe]
    2: 13: 0x140001053: cmp eax, 0x3c
    2: 14: 0x140001056: jle 0x14000106b
[*] Running Souper Optimizer on optimized BB ...
[*] Time taken to souper optimize the basic block: 0.0040s

[*] Tried to recover Opaque Predicate/Edges in 0.0670s
[*] Edges: 2
(0x14000106b) (0x14000105c) 

[*] Tried to recover Opaque Predicate/Edges in 0.0650s
[*] Edges: 2
(0x14000106b) (0x14000105c) 

[*] Tried to recover Opaque Predicate/Edges in 0.0640s
[*] Edges: 2
(0x14000106b) (0x14000105c) 
[!] We got 2 edges ... verify if this is ok! ( 2 - 0 )

    3: 15: 0x140001034: mov al, byte ptr [rsp + 0xb]
    3: 16: 0x140001038: add al, 1
    3: 17: 0x14000103a: mov byte ptr [rsp + 0xb], al
    3: 18: 0x14000103e: mov eax, dword ptr [rsp + 4]
    3: 19: 0x140001042: add eax, 1
    3: 20: 0x140001045: mov dword ptr [rsp + 4], eax
    3: 21: 0x140001049: jmp 0x140001023
[*] Running Souper Optimizer on optimized BB ...
[*] Time taken to souper optimize the basic block: 0.0030s

    4: 22: 0x14000106b: mov al, byte ptr [rsp + 0xc]
    4: 23: 0x14000106f: add al, 0xff
    4: 24: 0x140001071: mov byte ptr [rsp + 0xc], al
    4: 25: 0x140001075: movsx eax, byte ptr [rsp + 0xf]
    4: 26: 0x14000107a: cmp eax, 0x14
    4: 27: 0x14000107d: jle 0x140001092
[*] Running Souper Optimizer on optimized BB ...
[*] Time taken to souper optimize the basic block: 0.0030s

[*] Tried to recover Opaque Predicate/Edges in 0.0670s
[*] Edges: 2
(0x140001092) (0x140001083) 

[*] Tried to recover Opaque Predicate/Edges in 0.0680s
[*] Edges: 2
(0x140001092) (0x140001083) 

[*] Tried to recover Opaque Predicate/Edges in 0.0680s
[*] Edges: 2
(0x140001092) (0x140001083) 
[!] We got 2 edges ... verify if this is ok! ( 3 - 0 )

    5: 28: 0x14000105c: mov al, byte ptr [rsp + 0xc]
    5: 29: 0x140001060: add al, 1
    5: 30: 0x140001062: mov byte ptr [rsp + 0xc], al
    5: 31: 0x140001066: jmp 0x140001075
[*] Running Souper Optimizer on optimized BB ...
[*] Time taken to souper optimize the basic block: 0.0030s

[!] Splitting the basic block 0x140001000 at 0x140001023

    5: 32: 0x140001092: mov al, byte ptr [rsp + 0xc]
    5: 33: 0x140001096: add al, 0xff
    5: 34: 0x140001098: mov byte ptr [rsp + 0xc], al
    5: 35: 0x14000109c: movsx eax, byte ptr [rsp + 0xb]
    5: 36: 0x1400010a1: xor eax, 0x61
    5: 37: 0x1400010a4: mov cl, al
    5: 38: 0x1400010a6: mov byte ptr [rsp + 0xb], cl
    5: 39: 0x1400010aa: movsx eax, byte ptr [rsp + 0xb]
    5: 40: 0x1400010af: cmp eax, 0x1f
    5: 41: 0x1400010b2: sete cl
    5: 42: 0x1400010b5: and cl, 1
    5: 43: 0x1400010b8: movzx eax, cl
    5: 44: 0x1400010bb: add rsp, 0x10
    5: 45: 0x1400010bf: ret 
[*] Running Souper Optimizer on optimized BB ...
[*] Time taken to souper optimize the basic block: 0.0030s

[*] Tried to recover Opaque Predicate/Edges in 0.0410s
[*] Edges: 0


[*] Tried to recover Opaque Predicate/Edges in 0.0400s
[*] Edges: 0


    6: 46: 0x140001083: mov al, byte ptr [rsp + 0xc]
    6: 47: 0x140001087: add al, 1
    6: 48: 0x140001089: mov byte ptr [rsp + 0xc], al
    6: 49: 0x14000108d: jmp 0x14000109c
[*] Running Souper Optimizer on optimized BB ...
[*] Time taken to souper optimize the basic block: 0.0000s

[!] Splitting the basic block 0x14000106b at 0x140001075

    6: 50: 0x140001000: sub rsp, 0x10
    6: 51: 0x140001004: mov byte ptr [rsp + 0xf], r8b
    6: 52: 0x140001009: mov byte ptr [rsp + 0xe], dl
    6: 53: 0x14000100d: mov byte ptr [rsp + 0xd], cl
    6: 54: 0x140001011: mov byte ptr [rsp + 0xc], 0
    6: 55: 0x140001016: mov byte ptr [rsp + 0xb], 0
    6: 56: 0x14000101b: mov dword ptr [rsp + 4], 0
[*] Running Souper Optimizer on optimized BB ...
[*] Time taken to souper optimize the basic block: 0.0020s

    7: 57: 0x140001023: mov eax, dword ptr [rsp + 4]
    7: 58: 0x140001027: movsx ecx, byte ptr [rsp + 0xd]
    7: 59: 0x14000102c: cmp eax, ecx
    7: 60: 0x14000102e: jge 0x14000104e
[*] Running Souper Optimizer on optimized BB ...
[*] Time taken to souper optimize the basic block: 0.0010s
[*] Predecessors: 2
0x140001023: (0x140001000 =>  1 ) (0x140001034 =>  ? ) 

[*] Tried to recover Opaque Predicate/Edges in 0.0750s
[*] Edges: 2
(0x14000104e) (0x140001034) 
[*] Opaquenes of 0x140001023 has changed to Non Opaque!
[*] Predecessors: 2
0x140001023: (0x140001000 =>  1 ) (0x140001034 =>  0 ) 
[*] All edges are resolved nothing to do here!
[*] Predecessors: 2
0x140001023: (0x140001000 =>  1 ) (0x140001034 =>  0 ) 
[*] All edges are resolved nothing to do here!
[!] We got 2 edges ... verify if this is ok! ( 4 - 0 )

[!] Splitting the basic block 0x140001092 at 0x14000109c

    7: 61: 0x14000106b: mov al, byte ptr [rsp + 0xc]
    7: 62: 0x14000106f: add al, 0xff
    7: 63: 0x140001071: mov byte ptr [rsp + 0xc], al
[*] Running Souper Optimizer on optimized BB ...
[*] Time taken to souper optimize the basic block: 0.0030s

    8: 64: 0x140001075: movsx eax, byte ptr [rsp + 0xf]
    8: 65: 0x14000107a: cmp eax, 0x14
    8: 66: 0x14000107d: jle 0x140001092
[*] Running Souper Optimizer on optimized BB ...
[*] Time taken to souper optimize the basic block: 0.0020s
[*] Predecessors: 2
0x140001075: (0x14000105c =>  ? ) (0x14000106b =>  1 ) 

[*] Tried to recover Opaque Predicate/Edges in 0.0660s
[*] Edges: 2
(0x140001092) (0x140001083) 
[*] Opaquenes of 0x140001075 has changed to Non Opaque!
[*] Opaquenes of 0x140001075 has changed to Non Opaque!
[*] Predecessors: 2
0x140001075: (0x14000105c =>  0 ) (0x14000106b =>  1 ) 
[*] All edges are resolved nothing to do here!
[*] Predecessors: 2
0x140001075: (0x14000105c =>  0 ) (0x14000106b =>  1 ) 
[*] All edges are resolved nothing to do here!
[!] We got 2 edges ... verify if this is ok! ( 5 - 0 )

[!] Loop detected to the beginning of basic block 0x14000104e

[!] Loop detected to the beginning of basic block 0x140001034

    9: 67: 0x140001092: mov al, byte ptr [rsp + 0xc]
    9: 68: 0x140001096: add al, 0xff
    9: 69: 0x140001098: mov byte ptr [rsp + 0xc], al
    9: 70: 0x14000109c: movsx eax, byte ptr [rsp + 0xb]
    9: 71: 0x1400010a1: xor eax, 0x61
    9: 72: 0x1400010a4: mov cl, al
    9: 73: 0x1400010a6: mov byte ptr [rsp + 0xb], cl
    9: 74: 0x1400010aa: movsx eax, byte ptr [rsp + 0xb]
    9: 75: 0x1400010af: cmp eax, 0x1f
    9: 76: 0x1400010b2: sete cl
    9: 77: 0x1400010b5: and cl, 1
    9: 78: 0x1400010b8: movzx eax, cl
    9: 79: 0x1400010bb: add rsp, 0x10
    9: 80: 0x1400010bf: ret 
[*] Running Souper Optimizer on optimized BB ...
[*] Time taken to souper optimize the basic block: 0.0010s

[*] Tried to recover Opaque Predicate/Edges in 0.0410s
[*] Edges: 0


[*] Tried to recover Opaque Predicate/Edges in 0.0400s
[*] Edges: 0


[!] Splitting the basic block 0x140001092 at 0x14000109c

[!] Loop detected to the beginning of basic block 0x140001083

    9: 81: 0x140001092: mov al, byte ptr [rsp + 0xc]
    9: 82: 0x140001096: add al, 0xff
    9: 83: 0x140001098: mov byte ptr [rsp + 0xc], al
[*] Running Souper Optimizer on optimized BB ...
[*] Time taken to souper optimize the basic block: 0.0010s

   10: 84: 0x14000109c: movsx eax, byte ptr [rsp + 0xb]
   10: 85: 0x1400010a1: xor eax, 0x61
   10: 86: 0x1400010a4: mov cl, al
   10: 87: 0x1400010a6: mov byte ptr [rsp + 0xb], cl
   10: 88: 0x1400010aa: movsx eax, byte ptr [rsp + 0xb]
   10: 89: 0x1400010af: cmp eax, 0x1f
   10: 90: 0x1400010b2: sete cl
   10: 91: 0x1400010b5: and cl, 1
   10: 92: 0x1400010b8: movzx eax, cl
   10: 93: 0x1400010bb: add rsp, 0x10
   10: 94: 0x1400010bf: ret 
[*] Running Souper Optimizer on optimized BB ...
[*] Time taken to souper optimize the basic block: 0.0010s
[*] Predecessors: 2
0x14000109c: (0x140001083 =>  ? ) (0x140001092 =>  1 ) 

[*] Tried to recover Opaque Predicate/Edges in 0.0420s
[*] Edges: 0

[*] Opaquenes of 0x14000109c has changed to Non Opaque!
[*] Opaquenes of 0x14000109c has changed to Non Opaque!
[*] Opaquenes of 0x14000109c has changed to Non Opaque!
[*] Predecessors: 2
0x14000109c: (0x140001083 =>  0 ) (0x140001092 =>  1 ) 
[*] All edges are resolved nothing to do here!
[*] Building the control flow graph ...
[*] Time taken to recover the function : 1.1030s
[*] Applying post translation optimization ...
[*] Stack Size 5000
[*] 8 Stack Slots found
-5000  1 uses - Size: 4988 Aligned: 1 Overlapping: 0  AlignedStart: -5000  AlignedEnd: -8  AlignedSize: 4992  AlignedOverlapping: 1  AlignedOverlappingSize: 4992 
-12  1 uses - Size: 7 Aligned: 0 Overlapping: 0  AlignedStart: -16  AlignedEnd: -8  AlignedSize: 8  AlignedOverlapping: 1  AlignedOverlappingSize: 4992 
-5  1 uses - Size: 1 Aligned: 0 Overlapping: 0  AlignedStart: -8  AlignedEnd: 0  AlignedSize: 8  AlignedOverlapping: 1  AlignedOverlappingSize: 8 
-4  1 uses - Size: 1 Aligned: 0 Overlapping: 0  AlignedStart: -8  AlignedEnd: 0  AlignedSize: 8  AlignedOverlapping: 1  AlignedOverlappingSize: 8 
-3  1 uses - Size: 1 Aligned: 0 Overlapping: 0  AlignedStart: -8  AlignedEnd: 0  AlignedSize: 8  AlignedOverlapping: 1  AlignedOverlappingSize: 8 
-2  1 uses - Size: 1 Aligned: 0 Overlapping: 0  AlignedStart: -8  AlignedEnd: 0  AlignedSize: 8  AlignedOverlapping: 1  AlignedOverlappingSize: 8 
-1  1 uses - Size: 1 Aligned: 0 Overlapping: 0  AlignedStart: -8  AlignedEnd: 0  AlignedSize: 8  AlignedOverlapping: 1  AlignedOverlappingSize: 8 
0  1 uses - Size: 8 Aligned: 1 Overlapping: 0  AlignedStart: 0  AlignedEnd: 8  AlignedSize: 8  AlignedOverlapping: 0  AlignedOverlappingSize: 0 
[*] Time taken to optimize the function: 0.5100s
[*] Applying custom post translation optimization ...
[*] Running Souper Optimizer ...
[*] Time taken to souper optimize the function: 0.0030s
[*] Detected Argument Count: 3
[!] Done!
[*] Creating Gadgets ...
[*] Writing patched binary to test_.exe
[!] Done!
[*] Writing LLVM IR to lifted.ll ... Done!
[*] Recovered Basic Blocks : 10
[*] Recovered Opaque Predicates : 0
